<?xml version="1.0" encoding="UTF-8"?>
<!-- Generated by org.testng.reporters.JUnitXMLReporter -->
<testsuite ignored="0" hostname="LAPTOP-MBIHGQOB" failures="0" tests="2" name="Firefox_Test" time="0.017" errors="0" timestamp="2024-09-17T07:21:53 IST">
  <testcase classname="com.mystore.testcases.IndexPageTest" name="@BeforeMethod setup" time="0.001">
    <failure type="java.lang.NullPointerException" message="Cannot invoke &amp;quot;org.openqa.selenium.WebDriver.manage()&amp;quot; because the return value of &amp;quot;com.mystore.base.BaseClass.getDriver()&amp;quot; is null">
      <![CDATA[java.lang.NullPointerException: Cannot invoke "org.openqa.selenium.WebDriver.manage()" because the return value of "com.mystore.base.BaseClass.getDriver()" is null
at com.mystore.base.BaseClass.launchApp(BaseClass.java:81)
at com.mystore.testcases.IndexPageTest.setup(IndexPageTest.java:24)
at java.base/java.util.ArrayList.forEach(ArrayList.java:1511)
... Removed 31 stack frames]]>
    </failure>
  </testcase> <!-- @BeforeMethod setup -->
  <testcase classname="com.mystore.testcases.IndexPageTest" name="@AfterMethod tearDown" time="-1.72653791386E9">
    <skipped/>
  </testcase> <!-- @AfterMethod tearDown -->
  <testcase classname="com.mystore.testcases.IndexPageTest" name="@BeforeMethod setup" time="-1.726537913863E9">
    <skipped/>
  </testcase> <!-- @BeforeMethod setup -->
  <testcase classname="com.mystore.testcases.IndexPageTest" name="@AfterMethod tearDown" time="-1.726537913867E9">
    <skipped/>
  </testcase> <!-- @AfterMethod tearDown -->
  <testcase classname="com.mystore.testcases.IndexPageTest" name="verfiyTitle" time="0.0">
    <skipped/>
  </testcase> <!-- verfiyTitle -->
  <testcase classname="com.mystore.testcases.IndexPageTest" name="verifyLogo" time="0.0">
    <skipped/>
  </testcase> <!-- verifyLogo -->
</testsuite> <!-- Firefox_Test -->
