<?xml version="1.0" encoding="UTF-8"?>
<!-- Generated by org.testng.reporters.JUnitXMLReporter -->
<testsuite ignored="0" hostname="LAPTOP-MBIHGQOB" failures="1" tests="1" name="Test" time="19.926" errors="0" timestamp="2024-09-18T07:27:18 IST">
  <testcase classname="com.mystore.testcases.AddToCartPageTest" name="AddToCartTest" time="12.319">
    <failure type="java.lang.RuntimeException" message="Failed to click on the product after multiple attempts.">
      <![CDATA[java.lang.RuntimeException: Failed to click on the product after multiple attempts.
at com.mystore.pageobjects.SearchProductPage.viewProduct(SearchProductPage.java:96)
at com.mystore.testcases.AddToCartPageTest.AddToCartTest(AddToCartPageTest.java:49)
at java.base/java.util.ArrayList.forEach(ArrayList.java:1511)
... Removed 27 stack frames]]>
    </failure>
  </testcase> <!-- AddToCartTest -->
</testsuite> <!-- Test -->
