<?xml version="1.0" encoding="UTF-8"?>
<testng-results ignored="0" total="1" passed="1" failed="0" skipped="0">
  <reporter-output>
  </reporter-output>
  <suite started-at="2024-09-20T07:02:06 IST" name="Default suite" finished-at="2024-09-20T07:02:34 IST" duration-ms="28392">
    <groups>
    </groups>
    <test started-at="2024-09-20T07:02:06 IST" name="Default test" finished-at="2024-09-20T07:02:34 IST" duration-ms="28392">
      <class name="com.mystore.testcases.EndToEndTest">
        <test-method is-config="true" signature="loadconfig()[pri:0, instance:com.mystore.testcases.EndToEndTest@4d154ccd]" started-at="2024-09-20T07:02:06 IST" name="loadconfig" finished-at="2024-09-20T07:02:06 IST" duration-ms="151" status="PASS">
          <reporter-output>
          </reporter-output>
        </test-method> <!-- loadconfig -->
        <test-method is-config="true" signature="setup()[pri:0, instance:com.mystore.testcases.EndToEndTest@4d154ccd]" started-at="2024-09-20T07:02:06 IST" name="setup" finished-at="2024-09-20T07:02:12 IST" duration-ms="5983" status="PASS">
          <reporter-output>
          </reporter-output>
        </test-method> <!-- setup -->
        <test-method signature="endToEndTest()[pri:0, instance:com.mystore.testcases.EndToEndTest@4d154ccd]" started-at="2024-09-20T07:02:12 IST" name="endToEndTest" finished-at="2024-09-20T07:02:34 IST" duration-ms="22380" status="PASS">
          <reporter-output>
          </reporter-output>
        </test-method> <!-- endToEndTest -->
        <test-method is-config="true" signature="afterSuit()[pri:0, instance:com.mystore.testcases.EndToEndTest@4d154ccd]" started-at="2024-09-20T07:02:34 IST" name="afterSuit" finished-at="2024-09-20T07:02:34 IST" duration-ms="1" status="PASS">
          <reporter-output>
          </reporter-output>
        </test-method> <!-- afterSuit -->
      </class> <!-- com.mystore.testcases.EndToEndTest -->
    </test> <!-- Default test -->
  </suite> <!-- Default suite -->
</testng-results>
